<?xml version="1.0" encoding="UTF-8"?>
<!-- Generated by org.testng.reporters.JUnitXMLReporter -->
<testsuite hostname="DESKTOP-J4DO44B" ignored="6" name="Test" tests="4" failures="0" timestamp="25 Jun 2021 21:07:59 GMT" time="27.832" errors="0">
  <testcase name="verifyImgDisplay" time="0.773" classname="testcases.TC001HomePage"/>
  <testcase name="verifyTitle" time="9.505" classname="testcases.TC002Navigation_Coronavirus"/>
  <testcase name="verifyHubsNavigation" time="2.437" classname="testcases.TC003Navigation_Hubs"/>
  <testcase name="verifyKidsNavigation" time="11.428" classname="testcases.TC004Navigation_Kids"/>
  <testcase name="@BeforeSuite init" time="0.0" classname="base.BaseClass">
    <ignored/>
  </testcase> <!-- @BeforeSuite init -->
  <testcase name="@BeforeSuite init" time="0.0" classname="base.BaseClass">
    <ignored/>
  </testcase> <!-- @BeforeSuite init -->
  <testcase name="@BeforeSuite init" time="0.0" classname="base.BaseClass">
    <ignored/>
  </testcase> <!-- @BeforeSuite init -->
  <testcase name="@AfterSuite closeBrowser" time="0.0" classname="base.BaseClass">
    <ignored/>
  </testcase> <!-- @AfterSuite closeBrowser -->
  <testcase name="@AfterSuite closeBrowser" time="0.0" classname="base.BaseClass">
    <ignored/>
  </testcase> <!-- @AfterSuite closeBrowser -->
  <testcase name="@AfterSuite closeBrowser" time="0.0" classname="base.BaseClass">
    <ignored/>
  </testcase> <!-- @AfterSuite closeBrowser -->
</testsuite> <!-- Test -->
