<?xml version="1.0" encoding="UTF-8"?>
<!-- Generated by org.testng.reporters.JUnitXMLReporter -->
<testsuite hostname="DESKTOP-J4DO44B" ignored="6" name="Test" tests="4" failures="1" timestamp="26 Jun 2021 14:21:47 GMT" time="73.302" errors="0">
  <testcase name="verifyImgDisplay" time="0.846" classname="testcases.TC001HomePage"/>
  <testcase name="verifyTitle" time="10.359" classname="testcases.TC002Navigation_Coronavirus"/>
  <testcase name="verifyHubsNavigation" time="2.75" classname="testcases.TC003Navigation_Hubs">
    <failure type="java.lang.AssertionError" message="expected [https://www.tvo.org/current-affairs/tag/northeastrn] but found [https://www.tvo.org/current-affairs/tag/northeastern]">
      <![CDATA[java.lang.AssertionError: expected [https://www.tvo.org/current-affairs/tag/northeastrn] but found [https://www.tvo.org/current-affairs/tag/northeastern]
at testcases.TC003Navigation_Hubs.verifyHubsNavigation(TC003Navigation_Hubs.java:34)
... Removed 35 stack frames]]>
    </failure>
  </testcase> <!-- verifyHubsNavigation -->
  <testcase name="verifyKidsNavigation" time="49.116" classname="testcases.TC004Navigation_Kids"/>
  <testcase name="@BeforeSuite init" time="0.0" classname="base.BaseClass">
    <ignored/>
  </testcase> <!-- @BeforeSuite init -->
  <testcase name="@BeforeSuite init" time="0.0" classname="base.BaseClass">
    <ignored/>
  </testcase> <!-- @BeforeSuite init -->
  <testcase name="@BeforeSuite init" time="0.0" classname="base.BaseClass">
    <ignored/>
  </testcase> <!-- @BeforeSuite init -->
  <testcase name="@AfterSuite closeBrowser" time="0.0" classname="base.BaseClass">
    <ignored/>
  </testcase> <!-- @AfterSuite closeBrowser -->
  <testcase name="@AfterSuite closeBrowser" time="0.0" classname="base.BaseClass">
    <ignored/>
  </testcase> <!-- @AfterSuite closeBrowser -->
  <testcase name="@AfterSuite closeBrowser" time="0.0" classname="base.BaseClass">
    <ignored/>
  </testcase> <!-- @AfterSuite closeBrowser -->
</testsuite> <!-- Test -->
