<?xml version="1.0" encoding="UTF-8"?>
<testng-results skipped="0" failed="0" ignored="6" total="10" passed="4">
  <reporter-output>
  </reporter-output>
  <suite name="Suite" duration-ms="26029" started-at="2021-06-19T18:21:20Z" finished-at="2021-06-19T18:21:46Z">
    <groups>
    </groups>
    <test name="Test" duration-ms="26029" started-at="2021-06-19T18:21:20Z" finished-at="2021-06-19T18:21:46Z">
      <class name="testcases.TC001HomePage">
        <test-method status="PASS" signature="init()[pri:0, instance:testcases.TC001HomePage@396f6598]" name="init" is-config="true" duration-ms="10343" started-at="2021-06-19T18:21:10Z" finished-at="2021-06-19T18:21:20Z">
          <reporter-output>
          </reporter-output>
        </test-method> <!-- init -->
        <test-method status="PASS" signature="verifyImgDisplay()[pri:0, instance:testcases.TC001HomePage@396f6598]" name="verifyImgDisplay" duration-ms="351" started-at="2021-06-19T18:21:20Z" finished-at="2021-06-19T18:21:21Z">
          <reporter-output>
          </reporter-output>
        </test-method> <!-- verifyImgDisplay -->
        <test-method status="PASS" signature="closeBrowser()[pri:0, instance:testcases.TC001HomePage@396f6598]" name="closeBrowser" is-config="true" duration-ms="1349" started-at="2021-06-19T18:21:46Z" finished-at="2021-06-19T18:21:48Z">
          <reporter-output>
          </reporter-output>
        </test-method> <!-- closeBrowser -->
      </class> <!-- testcases.TC001HomePage -->
      <class name="testcases.TC003Navigation_Hubs">
        <test-method status="PASS" signature="verifyHubsNavigation()[pri:0, instance:testcases.TC003Navigation_Hubs@27a5f880]" name="verifyHubsNavigation" duration-ms="3216" started-at="2021-06-19T18:21:30Z" finished-at="2021-06-19T18:21:34Z">
          <reporter-output>
          </reporter-output>
        </test-method> <!-- verifyHubsNavigation -->
      </class> <!-- testcases.TC003Navigation_Hubs -->
      <class name="testcases.TC002Navigation_Coronavirus">
        <test-method status="PASS" signature="verifyTitle()[pri:0, instance:testcases.TC002Navigation_Coronavirus@394e1a0f]" name="verifyTitle" duration-ms="8103" started-at="2021-06-19T18:21:22Z" finished-at="2021-06-19T18:21:30Z">
          <reporter-output>
          </reporter-output>
        </test-method> <!-- verifyTitle -->
      </class> <!-- testcases.TC002Navigation_Coronavirus -->
      <class name="testcases.TC004Navigation_Kids">
        <test-method status="PASS" signature="verifyKidsNavigation()[pri:0, instance:testcases.TC004Navigation_Kids@1d29cf23]" name="verifyKidsNavigation" duration-ms="10925" started-at="2021-06-19T18:21:34Z" finished-at="2021-06-19T18:21:45Z">
          <reporter-output>
          </reporter-output>
        </test-method> <!-- verifyKidsNavigation -->
      </class> <!-- testcases.TC004Navigation_Kids -->
    </test> <!-- Test -->
  </suite> <!-- Suite -->
</testng-results>
