-------------------------------------------------------------------------------
Test set: TestSuite
-------------------------------------------------------------------------------
Tests run: 4, Failures: 1, Errors: 0, Skipped: 0, Time elapsed: 119.591 s <<< FAILURE! - in TestSuite
testcases.TC003Navigation_Hubs.verifyHubsNavigation  Time elapsed: 3.288 s  <<< FAILURE!
java.lang.AssertionError: expected [https://www.tvo.org/current-affairs/tag/northeastrn] but found [https://www.tvo.org/current-affairs/tag/northeastern]
	at testcases.TC003Navigation_Hubs.verifyHubsNavigation(TC003Navigation_Hubs.java:34)

